<?xml version="1.0" encoding="UTF-8"?>
<!-- Generated by org.testng.reporters.JUnitReportReporter -->
<testsuite hostname="RAJKUMAR" failures="0" tests="1" name="com.initbanking.testCases.TC_AddCustomerTest_003" time="25.296" errors="0" timestamp="2024-09-20T13:09:28 IST" skipped="0">
  <testcase classname="com.initbanking.testCases.TC_AddCustomerTest_003" name="addNewCustomer" time="25.296"/>
  <system-out/>
</testsuite> <!-- com.initbanking.testCases.TC_AddCustomerTest_003 -->
