<?xml version="1.0" encoding="UTF-8"?>
<!-- Generated by org.testng.reporters.JUnitReportReporter -->
<testsuite hostname="RAJKUMAR" failures="0" tests="1" name="com.initbanking.testCases.TC_AddCustomerTest_003" time="28.772" errors="0" timestamp="2024-09-22T21:21:09 IST" skipped="0">
  <testcase classname="com.initbanking.testCases.TC_AddCustomerTest_003" name="addNewCustomer" time="28.772"/>
  <system-out/>
</testsuite> <!-- com.initbanking.testCases.TC_AddCustomerTest_003 -->
