<?xml version="1.0" encoding="UTF-8"?>
<!-- Generated by org.testng.reporters.JUnitReportReporter -->
<testsuite hostname="RAJKUMAR" failures="0" tests="1" name="com.initbanking.testCases.TC_LoginTest_001" time="4.697" errors="0" timestamp="2024-09-22T21:21:09 IST" skipped="0">
  <testcase classname="com.initbanking.testCases.TC_LoginTest_001" name="loginTest" time="4.697"/>
  <system-out/>
</testsuite> <!-- com.initbanking.testCases.TC_LoginTest_001 -->
